2024/03/24 20:09:57 [notice] 8#8: using the "epoll" event method
2024/03/24 20:09:57 [notice] 8#8: nginx/1.25.4
2024/03/24 20:09:57 [notice] 8#8: built by gcc 12.2.0 (Debian 12.2.0-14) 
2024/03/24 20:09:57 [notice] 8#8: OS: Linux 6.6.16-linuxkit
2024/03/24 20:09:57 [notice] 8#8: getrlimit(RLIMIT_NOFILE): 1048576:1048576
2024/03/24 20:09:57 [notice] 8#8: start worker processes
2024/03/24 20:09:57 [notice] 8#8: start worker process 9
2024/03/24 20:09:57 [notice] 8#8: start worker process 10
2024/03/24 20:09:57 [notice] 8#8: start worker process 11
2024/03/24 20:09:57 [notice] 8#8: start worker process 12
2024/03/24 20:09:57 [notice] 8#8: start worker process 13
2024/03/24 20:09:57 [notice] 8#8: start worker process 14
2024/03/24 20:09:57 [notice] 8#8: start worker process 15
2024/03/24 20:09:57 [notice] 8#8: start worker process 16
2024/03/24 20:15:04 [notice] 8#8: using the "epoll" event method
2024/03/24 20:15:04 [notice] 8#8: nginx/1.25.4
2024/03/24 20:15:04 [notice] 8#8: built by gcc 12.2.0 (Debian 12.2.0-14) 
2024/03/24 20:15:04 [notice] 8#8: OS: Linux 6.6.16-linuxkit
2024/03/24 20:15:04 [notice] 8#8: getrlimit(RLIMIT_NOFILE): 1048576:1048576
2024/03/24 20:15:04 [notice] 8#8: start worker processes
2024/03/24 20:15:04 [notice] 8#8: start worker process 10
2024/03/24 20:15:04 [notice] 8#8: start worker process 11
2024/03/24 20:15:04 [notice] 8#8: start worker process 12
2024/03/24 20:15:04 [notice] 8#8: start worker process 13
2024/03/24 20:15:04 [notice] 8#8: start worker process 14
2024/03/24 20:15:04 [notice] 8#8: start worker process 15
2024/03/24 20:15:04 [notice] 8#8: start worker process 16
2024/03/24 20:15:04 [notice] 8#8: start worker process 17
